[2020-12-15T20:39:54.265] [DEBUG] cheese - login => username:zs,password:123456
[2020-12-15T20:39:54.267] [DEBUG] cheese - zs
[2020-12-15T20:39:54.274] [DEBUG] cheese - null
[2020-12-15T20:39:54.275] [DEBUG] cheese - null
[2020-12-15T20:40:41.886] [DEBUG] cheese - login => username:admin,password:123456
[2020-12-15T20:40:41.886] [DEBUG] cheese - admin
[2020-12-15T20:40:41.890] [DEBUG] cheese - null
[2020-12-15T20:40:41.890] [DEBUG] cheese - null
[2020-12-16T17:45:30.094] [DEBUG] cheese - login => username:admin,password:123456
[2020-12-16T17:45:30.096] [DEBUG] cheese - admin
[2020-12-16T17:45:30.116] [DEBUG] cheese - null
[2020-12-16T17:45:30.117] [DEBUG] cheese - null
[2020-12-16T17:46:03.159] [DEBUG] cheese - login => username:admin,password:123456
[2020-12-16T17:46:03.159] [DEBUG] cheese - admin
[2020-12-16T17:46:03.161] [DEBUG] cheese - null
[2020-12-16T17:46:03.161] [DEBUG] cheese - null
[2020-12-16T18:25:16.516] [DEBUG] cheese - login => username:admin,password:123456
[2020-12-16T18:25:16.516] [DEBUG] cheese - admin
[2020-12-16T18:25:16.521] [DEBUG] cheese - null
[2020-12-16T18:25:16.521] [DEBUG] cheese - null
[2020-12-16T18:25:45.755] [DEBUG] cheese - login => username:admin,password:123456
[2020-12-16T18:25:45.756] [DEBUG] cheese - admin
[2020-12-16T18:25:45.759] [DEBUG] cheese - null
[2020-12-16T18:25:45.759] [DEBUG] cheese - null
[2020-12-16T18:32:10.603] [DEBUG] cheese - login => username:admin,password:123456
[2020-12-16T18:32:10.603] [DEBUG] cheese - admin
[2020-12-16T18:32:10.606] [DEBUG] cheese - null
[2020-12-16T18:32:10.606] [DEBUG] cheese - null
[2020-12-16T18:34:30.028] [DEBUG] cheese - login => username:admin,password:123456
[2020-12-16T18:34:30.028] [DEBUG] cheese - admin
[2020-12-16T18:34:30.030] [DEBUG] cheese - null
[2020-12-16T18:34:30.030] [DEBUG] cheese - null
[2020-12-16T18:35:12.558] [DEBUG] cheese - login => username:admin,password:123456
[2020-12-16T18:35:12.558] [DEBUG] cheese - admin
[2020-12-16T18:35:12.560] [DEBUG] cheese - null
[2020-12-16T18:35:12.560] [DEBUG] cheese - null
[2020-12-16T18:35:18.935] [DEBUG] cheese - login => username:admin,password:123456
[2020-12-16T18:35:18.935] [DEBUG] cheese - admin
[2020-12-16T18:35:18.937] [DEBUG] cheese - null
[2020-12-16T18:35:18.937] [DEBUG] cheese - null
[2020-12-16T20:01:45.560] [DEBUG] cheese - login => username:admin,password:123456
[2020-12-16T20:01:45.560] [DEBUG] cheese - admin
[2020-12-16T20:01:45.563] [DEBUG] cheese - null
[2020-12-16T20:01:45.563] [DEBUG] cheese - null
[2020-12-16T20:01:49.697] [DEBUG] cheese - login => username:admin,password:123456
[2020-12-16T20:01:49.697] [DEBUG] cheese - admin
[2020-12-16T20:01:49.700] [DEBUG] cheese - null
[2020-12-16T20:01:49.701] [DEBUG] cheese - null
[2020-12-16T20:01:50.320] [DEBUG] cheese - login => username:admin,password:123456
[2020-12-16T20:01:50.320] [DEBUG] cheese - admin
[2020-12-16T20:01:50.323] [DEBUG] cheese - null
[2020-12-16T20:01:50.324] [DEBUG] cheese - null
[2020-12-16T20:02:01.378] [DEBUG] cheese - login => username:admin,password:123456
[2020-12-16T20:02:01.378] [DEBUG] cheese - admin
[2020-12-16T20:02:01.380] [DEBUG] cheese - null
[2020-12-16T20:02:01.380] [DEBUG] cheese - null
[2020-12-16T20:02:24.537] [DEBUG] cheese - login => username:admin,password:123456
[2020-12-16T20:02:24.537] [DEBUG] cheese - admin
[2020-12-16T20:02:24.539] [DEBUG] cheese - null
[2020-12-16T20:02:24.539] [DEBUG] cheese - null
[2020-12-16T20:02:42.884] [DEBUG] cheese - login => username:admin,password:123456
[2020-12-16T20:02:42.884] [DEBUG] cheese - admin
[2020-12-16T20:02:42.886] [DEBUG] cheese - null
[2020-12-16T20:02:42.886] [DEBUG] cheese - null
[2020-12-16T20:03:58.951] [DEBUG] cheese - login => username:admin,password:123456
[2020-12-16T20:03:58.951] [DEBUG] cheese - admin
[2020-12-16T20:03:58.953] [DEBUG] cheese - null
[2020-12-16T20:03:58.953] [DEBUG] cheese - null
[2020-12-16T20:09:48.175] [DEBUG] cheese - login => username:admin,password:123456
[2020-12-16T20:09:48.175] [DEBUG] cheese - admin
[2020-12-16T20:09:48.177] [DEBUG] cheese - null
[2020-12-16T20:09:48.177] [DEBUG] cheese - null
[2020-12-16T20:09:52.902] [DEBUG] cheese - login => username:admin,password:123456
[2020-12-16T20:09:52.902] [DEBUG] cheese - admin
[2020-12-16T20:09:52.905] [DEBUG] cheese - null
[2020-12-16T20:09:52.905] [DEBUG] cheese - null
[2020-12-16T20:11:12.915] [DEBUG] cheese - login => username:admin,password:123456
[2020-12-16T20:11:12.915] [DEBUG] cheese - admin
[2020-12-16T20:11:12.918] [DEBUG] cheese - null
[2020-12-16T20:11:12.918] [DEBUG] cheese - null
[2020-12-16T20:11:19.262] [DEBUG] cheese - login => username:admin,password:123456
[2020-12-16T20:11:19.262] [DEBUG] cheese - admin
[2020-12-16T20:11:19.264] [DEBUG] cheese - null
[2020-12-16T20:11:19.265] [DEBUG] cheese - null
[2020-12-16T20:11:21.905] [DEBUG] cheese - login => username:admin,password:123456
[2020-12-16T20:11:21.905] [DEBUG] cheese - admin
[2020-12-16T20:11:21.907] [DEBUG] cheese - null
[2020-12-16T20:11:21.907] [DEBUG] cheese - null
[2020-12-16T20:11:22.650] [DEBUG] cheese - login => username:admin,password:123456
[2020-12-16T20:11:22.650] [DEBUG] cheese - admin
[2020-12-16T20:11:22.654] [DEBUG] cheese - null
[2020-12-16T20:11:22.654] [DEBUG] cheese - null
[2020-12-16T20:11:22.811] [DEBUG] cheese - login => username:admin,password:123456
[2020-12-16T20:11:22.811] [DEBUG] cheese - admin
[2020-12-16T20:11:22.814] [DEBUG] cheese - null
[2020-12-16T20:11:22.814] [DEBUG] cheese - null
[2020-12-16T20:11:23.149] [DEBUG] cheese - login => username:admin,password:123456
[2020-12-16T20:11:23.149] [DEBUG] cheese - admin
[2020-12-16T20:11:23.151] [DEBUG] cheese - null
[2020-12-16T20:11:23.151] [DEBUG] cheese - null
[2020-12-16T20:11:23.334] [DEBUG] cheese - login => username:admin,password:123456
[2020-12-16T20:11:23.335] [DEBUG] cheese - admin
[2020-12-16T20:11:23.336] [DEBUG] cheese - null
[2020-12-16T20:11:23.336] [DEBUG] cheese - null
[2020-12-16T20:11:23.530] [DEBUG] cheese - login => username:admin,password:123456
[2020-12-16T20:11:23.530] [DEBUG] cheese - admin
[2020-12-16T20:11:23.531] [DEBUG] cheese - null
[2020-12-16T20:11:23.531] [DEBUG] cheese - null
[2020-12-16T20:11:23.687] [DEBUG] cheese - login => username:admin,password:123456
[2020-12-16T20:11:23.687] [DEBUG] cheese - admin
[2020-12-16T20:11:23.689] [DEBUG] cheese - null
[2020-12-16T20:11:23.689] [DEBUG] cheese - null
[2020-12-16T20:11:23.865] [DEBUG] cheese - login => username:admin,password:123456
[2020-12-16T20:11:23.865] [DEBUG] cheese - admin
[2020-12-16T20:11:23.868] [DEBUG] cheese - null
[2020-12-16T20:11:23.868] [DEBUG] cheese - null
[2020-12-16T20:11:24.033] [DEBUG] cheese - login => username:admin,password:123456
[2020-12-16T20:11:24.033] [DEBUG] cheese - admin
[2020-12-16T20:11:24.035] [DEBUG] cheese - null
[2020-12-16T20:11:24.035] [DEBUG] cheese - null
[2020-12-16T20:11:24.209] [DEBUG] cheese - login => username:admin,password:123456
[2020-12-16T20:11:24.209] [DEBUG] cheese - admin
[2020-12-16T20:11:24.211] [DEBUG] cheese - null
[2020-12-16T20:11:24.211] [DEBUG] cheese - null
[2020-12-16T20:11:24.376] [DEBUG] cheese - login => username:admin,password:123456
[2020-12-16T20:11:24.376] [DEBUG] cheese - admin
[2020-12-16T20:11:24.379] [DEBUG] cheese - null
[2020-12-16T20:11:24.379] [DEBUG] cheese - null
[2020-12-16T20:11:24.551] [DEBUG] cheese - login => username:admin,password:123456
[2020-12-16T20:11:24.551] [DEBUG] cheese - admin
[2020-12-16T20:11:24.553] [DEBUG] cheese - null
[2020-12-16T20:11:24.553] [DEBUG] cheese - null
[2020-12-16T20:11:24.724] [DEBUG] cheese - login => username:admin,password:123456
[2020-12-16T20:11:24.724] [DEBUG] cheese - admin
[2020-12-16T20:11:24.726] [DEBUG] cheese - null
[2020-12-16T20:11:24.726] [DEBUG] cheese - null
[2020-12-16T20:11:24.900] [DEBUG] cheese - login => username:admin,password:123456
[2020-12-16T20:11:24.900] [DEBUG] cheese - admin
[2020-12-16T20:11:24.902] [DEBUG] cheese - null
[2020-12-16T20:11:24.902] [DEBUG] cheese - null
[2020-12-16T20:11:25.030] [DEBUG] cheese - login => username:admin,password:123456
[2020-12-16T20:11:25.030] [DEBUG] cheese - admin
[2020-12-16T20:11:25.031] [DEBUG] cheese - null
[2020-12-16T20:11:25.031] [DEBUG] cheese - null
[2020-12-16T20:18:11.947] [DEBUG] cheese - login => username:admin,password:123456
[2020-12-16T20:18:11.947] [DEBUG] cheese - admin
[2020-12-16T20:18:11.950] [DEBUG] cheese - null
[2020-12-16T20:18:11.950] [DEBUG] cheese - null
[2020-12-16T20:18:44.117] [DEBUG] cheese - login => username:admin,password:123456
[2020-12-16T20:18:44.117] [DEBUG] cheese - admin
[2020-12-16T20:18:44.118] [DEBUG] cheese - null
[2020-12-16T20:18:44.118] [DEBUG] cheese - null
[2020-12-16T20:19:00.228] [DEBUG] cheese - login => username:admin,password:123456
[2020-12-16T20:19:00.228] [DEBUG] cheese - admin
[2020-12-16T20:19:00.229] [DEBUG] cheese - null
[2020-12-16T20:19:00.229] [DEBUG] cheese - null
[2020-12-16T20:20:00.711] [DEBUG] cheese - login => username:admin,password:123456
[2020-12-16T20:20:00.711] [DEBUG] cheese - admin
[2020-12-16T20:20:00.713] [DEBUG] cheese - null
[2020-12-16T20:20:00.713] [DEBUG] cheese - null
[2020-12-16T20:20:23.315] [DEBUG] cheese - login => username:admin,password:123456
[2020-12-16T20:20:23.315] [DEBUG] cheese - admin
[2020-12-16T20:20:23.316] [DEBUG] cheese - null
[2020-12-16T20:20:23.317] [DEBUG] cheese - null
[2020-12-16T20:20:42.216] [DEBUG] cheese - login => username:admin,password:123456
[2020-12-16T20:20:42.217] [DEBUG] cheese - admin
[2020-12-16T20:20:42.219] [DEBUG] cheese - null
[2020-12-16T20:20:42.219] [DEBUG] cheese - null
[2020-12-16T20:21:05.400] [DEBUG] cheese - login => username:admin,password:123456
[2020-12-16T20:21:05.400] [DEBUG] cheese - admin
[2020-12-16T20:21:05.402] [DEBUG] cheese - null
[2020-12-16T20:21:05.402] [DEBUG] cheese - null
[2020-12-16T20:22:31.551] [DEBUG] cheese - login => username:admin,password:123456
[2020-12-16T20:22:31.552] [DEBUG] cheese - admin
[2020-12-16T20:22:31.555] [DEBUG] cheese - null
[2020-12-16T20:22:31.555] [DEBUG] cheese - null
[2020-12-16T20:22:42.560] [DEBUG] cheese - login => username:admi,password:123456
[2020-12-16T20:22:42.561] [DEBUG] cheese - admi
[2020-12-16T20:22:42.562] [DEBUG] cheese - null
[2020-12-16T20:22:42.562] [DEBUG] cheese - null
[2020-12-16T20:22:48.560] [DEBUG] cheese - login => username:admin,password:123456
[2020-12-16T20:22:48.560] [DEBUG] cheese - admin
[2020-12-16T20:22:48.562] [DEBUG] cheese - null
[2020-12-16T20:22:48.562] [DEBUG] cheese - null
[2020-12-16T20:23:06.361] [DEBUG] cheese - login => username:admin,password:123456
[2020-12-16T20:23:06.361] [DEBUG] cheese - admin
[2020-12-16T20:23:06.363] [DEBUG] cheese - null
[2020-12-16T20:23:06.363] [DEBUG] cheese - null
[2020-12-16T20:25:03.655] [DEBUG] cheese - login => username:admin,password:123456
[2020-12-16T20:25:03.656] [DEBUG] cheese - admin
[2020-12-16T20:25:03.659] [DEBUG] cheese - null
[2020-12-16T20:25:03.659] [DEBUG] cheese - null
[2020-12-16T20:28:31.858] [DEBUG] cheese - login => username:admin,password:123456
[2020-12-16T20:28:31.858] [DEBUG] cheese - admin
[2020-12-16T20:28:31.863] [DEBUG] cheese - null
[2020-12-16T20:28:31.864] [DEBUG] cheese - null
[2020-12-17T08:21:16.757] [DEBUG] cheese - login => username:admin,password:123456
[2020-12-17T08:21:16.757] [DEBUG] cheese - admin
[2020-12-17T08:21:16.760] [DEBUG] cheese - null
[2020-12-17T08:21:16.761] [DEBUG] cheese - null
[2020-12-17T14:15:15.502] [DEBUG] cheese - login => username:admin,password:123456
[2020-12-17T14:15:15.505] [DEBUG] cheese - admin
[2020-12-17T14:15:15.514] [DEBUG] cheese - null
[2020-12-17T14:15:15.514] [DEBUG] cheese - null
[2020-12-17T14:20:43.771] [DEBUG] cheese - login => username:admin,password:123456
[2020-12-17T14:20:43.771] [DEBUG] cheese - admin
[2020-12-17T14:20:43.773] [DEBUG] cheese - null
[2020-12-17T14:20:43.773] [DEBUG] cheese - null
[2020-12-17T14:23:58.303] [DEBUG] cheese - login => username:admin,password:123456
[2020-12-17T14:23:58.303] [DEBUG] cheese - admin
[2020-12-17T14:23:58.306] [DEBUG] cheese - null
[2020-12-17T14:23:58.307] [DEBUG] cheese - null
[2020-12-17T14:25:54.986] [DEBUG] cheese - login => username:admin,password:123456
[2020-12-17T14:25:54.986] [DEBUG] cheese - admin
[2020-12-17T14:25:54.988] [DEBUG] cheese - null
[2020-12-17T14:25:54.988] [DEBUG] cheese - null
[2020-12-17T14:28:34.461] [DEBUG] cheese - login => username:admin,password:123456
[2020-12-17T14:28:34.461] [DEBUG] cheese - admin
[2020-12-17T14:28:34.465] [DEBUG] cheese - null
[2020-12-17T14:28:34.465] [DEBUG] cheese - null
[2020-12-17T14:34:44.499] [DEBUG] cheese - login => username:admin,password:123456
[2020-12-17T14:34:44.499] [DEBUG] cheese - admin
[2020-12-17T14:34:44.501] [DEBUG] cheese - null
[2020-12-17T14:34:44.502] [DEBUG] cheese - null
[2020-12-17T14:49:51.974] [DEBUG] cheese - login => username:admin,password:123456
[2020-12-17T14:49:51.974] [DEBUG] cheese - admin
[2020-12-17T14:49:51.977] [DEBUG] cheese - null
[2020-12-17T14:49:51.977] [DEBUG] cheese - null
[2020-12-17T15:36:36.724] [DEBUG] cheese - login => username:admin,password:123456
[2020-12-17T15:36:36.724] [DEBUG] cheese - admin
[2020-12-17T15:36:36.727] [DEBUG] cheese - null
[2020-12-17T15:36:36.727] [DEBUG] cheese - null
[2020-12-17T15:37:09.609] [DEBUG] cheese - login => username:admin,password:123456
[2020-12-17T15:37:09.609] [DEBUG] cheese - admin
[2020-12-17T15:37:09.611] [DEBUG] cheese - null
[2020-12-17T15:37:09.611] [DEBUG] cheese - null
[2020-12-17T15:37:25.404] [DEBUG] cheese - login => username:admin,password:123456
[2020-12-17T15:37:25.404] [DEBUG] cheese - admin
[2020-12-17T15:37:25.406] [DEBUG] cheese - null
[2020-12-17T15:37:25.406] [DEBUG] cheese - null
[2020-12-17T15:37:50.753] [DEBUG] cheese - login => username:admin,password:123456
[2020-12-17T15:37:50.753] [DEBUG] cheese - admin
[2020-12-17T15:37:50.755] [DEBUG] cheese - null
[2020-12-17T15:37:50.755] [DEBUG] cheese - null
[2020-12-17T16:47:28.365] [DEBUG] cheese - login => username:admin,password:123456
[2020-12-17T16:47:28.365] [DEBUG] cheese - admin
[2020-12-17T16:47:28.367] [DEBUG] cheese - null
[2020-12-17T16:47:28.368] [DEBUG] cheese - null
[2020-12-17T16:47:49.803] [DEBUG] cheese - login => username:admin,password:123456
[2020-12-17T16:47:49.803] [DEBUG] cheese - admin
[2020-12-17T16:47:49.805] [DEBUG] cheese - null
[2020-12-17T16:47:49.805] [DEBUG] cheese - null
[2020-12-17T17:22:51.214] [DEBUG] cheese - login => username:admin,password:123456
[2020-12-17T17:22:51.216] [DEBUG] cheese - admin
[2020-12-17T17:22:51.236] [DEBUG] cheese - null
[2020-12-17T17:22:51.236] [DEBUG] cheese - null
[2020-12-17T18:58:58.230] [DEBUG] cheese - login => username:admin,password:123456
[2020-12-17T18:58:58.230] [DEBUG] cheese - admin
[2020-12-17T18:58:58.251] [DEBUG] cheese - null
[2020-12-17T18:58:58.251] [DEBUG] cheese - null
[2020-12-17T19:26:20.340] [DEBUG] cheese - login => username:admin,password:123456
[2020-12-17T19:26:20.340] [DEBUG] cheese - admin
[2020-12-17T19:26:20.343] [DEBUG] cheese - null
[2020-12-17T19:26:20.343] [DEBUG] cheese - null
[2020-12-17T20:37:28.209] [DEBUG] cheese - login => username:admin,password:123456
[2020-12-17T20:37:28.209] [DEBUG] cheese - admin
[2020-12-17T20:37:28.213] [DEBUG] cheese - null
[2020-12-17T20:37:28.214] [DEBUG] cheese - null
[2020-12-17T20:37:32.094] [DEBUG] cheese - login => username:admin,password:123456
[2020-12-17T20:37:32.094] [DEBUG] cheese - admin
[2020-12-17T20:37:32.096] [DEBUG] cheese - null
[2020-12-17T20:37:32.096] [DEBUG] cheese - null
[2020-12-17T21:09:40.614] [DEBUG] cheese - login => username:admin,password:123456
[2020-12-17T21:09:40.614] [DEBUG] cheese - admin
[2020-12-17T21:09:40.617] [DEBUG] cheese - null
[2020-12-17T21:09:40.617] [DEBUG] cheese - null
[2020-12-17T21:09:48.104] [DEBUG] cheese - login => username:admin,password:123456
[2020-12-17T21:09:48.104] [DEBUG] cheese - admin
[2020-12-17T21:09:48.106] [DEBUG] cheese - null
[2020-12-17T21:09:48.106] [DEBUG] cheese - null
[2020-12-17T22:20:49.566] [DEBUG] cheese - login => username:admin,password:123456
[2020-12-17T22:20:49.566] [DEBUG] cheese - admin
[2020-12-17T22:20:49.568] [DEBUG] cheese - null
[2020-12-17T22:20:49.568] [DEBUG] cheese - null
[2020-12-18T08:38:23.384] [DEBUG] cheese - login => username:admin,password:123456
[2020-12-18T08:38:23.385] [DEBUG] cheese - admin
[2020-12-18T08:38:23.389] [DEBUG] cheese - null
[2020-12-18T08:38:23.389] [DEBUG] cheese - null
[2020-12-18T08:38:45.885] [DEBUG] cheese - login => username:admin,password:123456
[2020-12-18T08:38:45.885] [DEBUG] cheese - admin
[2020-12-18T08:38:45.888] [DEBUG] cheese - null
[2020-12-18T08:38:45.888] [DEBUG] cheese - null
[2020-12-18T08:49:44.520] [DEBUG] cheese - login => username:admin,password:123456
[2020-12-18T08:49:44.520] [DEBUG] cheese - admin
[2020-12-18T08:49:44.522] [DEBUG] cheese - null
[2020-12-18T08:49:44.522] [DEBUG] cheese - null
[2020-12-18T17:00:53.830] [DEBUG] cheese - login => username:admin,password:123456
[2020-12-18T17:00:53.832] [DEBUG] cheese - admin
[2020-12-18T17:00:53.847] [DEBUG] cheese - null
[2020-12-18T17:00:53.848] [DEBUG] cheese - null
[2020-12-18T17:00:59.429] [DEBUG] cheese - login => username:admin,password:123456
[2020-12-18T17:00:59.429] [DEBUG] cheese - admin
[2020-12-18T17:00:59.431] [DEBUG] cheese - null
[2020-12-18T17:00:59.431] [DEBUG] cheese - null
[2020-12-19T09:00:04.754] [DEBUG] cheese - login => username:admin,password:123456
[2020-12-19T09:00:04.754] [DEBUG] cheese - admin
[2020-12-19T09:00:04.759] [DEBUG] cheese - null
[2020-12-19T09:00:04.759] [DEBUG] cheese - null
[2020-12-20T17:07:55.654] [DEBUG] cheese - login => username:admin,password:123456
[2020-12-20T17:07:55.655] [DEBUG] cheese - admin
[2020-12-20T17:07:55.661] [DEBUG] cheese - null
[2020-12-20T17:07:55.661] [DEBUG] cheese - null
[2020-12-20T17:16:13.024] [DEBUG] cheese - login => username:admin,password:123456
[2020-12-20T17:16:13.027] [DEBUG] cheese - admin
[2020-12-20T17:16:13.074] [DEBUG] cheese - null
[2020-12-20T17:16:13.075] [DEBUG] cheese - null
[2020-12-21T08:58:36.454] [DEBUG] cheese - login => username:admin,password:123456
[2020-12-21T08:58:36.454] [DEBUG] cheese - admin
[2020-12-21T08:58:36.460] [DEBUG] cheese - null
[2020-12-21T08:58:36.460] [DEBUG] cheese - null
[2020-12-21T19:33:31.018] [DEBUG] cheese - login => username:admin,password:123456
[2020-12-21T19:33:31.018] [DEBUG] cheese - admin
[2020-12-21T19:33:31.022] [DEBUG] cheese - null
[2020-12-21T19:33:31.022] [DEBUG] cheese - null
[2020-12-21T19:33:44.289] [DEBUG] cheese - login => username:admin,password:123456
[2020-12-21T19:33:44.291] [DEBUG] cheese - admin
[2020-12-21T19:33:44.294] [DEBUG] cheese - null
[2020-12-21T19:33:44.294] [DEBUG] cheese - null
[2020-12-21T22:19:00.047] [DEBUG] cheese - login => username:admin,password:123456
[2020-12-21T22:19:00.048] [DEBUG] cheese - admin
[2020-12-21T22:19:00.054] [DEBUG] cheese - null
[2020-12-21T22:19:00.054] [DEBUG] cheese - null
[2020-12-21T22:19:08.186] [DEBUG] cheese - login => username:admin,password:123456
[2020-12-21T22:19:08.188] [DEBUG] cheese - admin
[2020-12-21T22:19:08.197] [DEBUG] cheese - null
[2020-12-21T22:19:08.198] [DEBUG] cheese - null
[2020-12-22T11:34:29.293] [DEBUG] cheese - login => username:admin,password:123456
[2020-12-22T11:34:29.293] [DEBUG] cheese - admin
[2020-12-22T11:34:29.296] [DEBUG] cheese - null
[2020-12-22T11:34:29.296] [DEBUG] cheese - null
[2020-12-22T15:51:24.874] [DEBUG] cheese - null
[2020-12-22T15:51:44.492] [DEBUG] cheese - null
[2020-12-22T15:51:53.418] [DEBUG] cheese - null
[2020-12-22T15:53:49.353] [DEBUG] cheese - null
[2020-12-22T16:01:09.202] [DEBUG] cheese - null
[2020-12-22T16:06:57.370] [DEBUG] cheese - null
[2020-12-22T16:08:38.424] [DEBUG] cheese - null
[2020-12-22T18:45:15.498] [DEBUG] cheese - login => username:admin,password:123456
[2020-12-22T18:45:15.502] [DEBUG] cheese - admin
[2020-12-22T18:45:15.514] [DEBUG] cheese - null
[2020-12-22T18:45:15.514] [DEBUG] cheese - null
[2020-12-23T11:09:44.533] [DEBUG] cheese - login => username:admin,password:123456
[2020-12-23T11:09:44.534] [DEBUG] cheese - admin
[2020-12-23T11:09:44.538] [DEBUG] cheese - null
[2020-12-23T11:09:44.538] [DEBUG] cheese - null
[2020-12-23T11:10:11.371] [DEBUG] cheese - login => username:admin,password:123456
[2020-12-23T11:10:11.371] [DEBUG] cheese - admin
[2020-12-23T11:10:11.372] [DEBUG] cheese - null
[2020-12-23T11:10:11.372] [DEBUG] cheese - null
[2020-12-23T16:42:40.327] [DEBUG] cheese - login => username:admin,password:123456
[2020-12-23T16:42:40.328] [DEBUG] cheese - admin
[2020-12-23T16:42:40.332] [DEBUG] cheese - null
[2020-12-23T16:42:40.333] [DEBUG] cheese - null
[2020-12-23T16:42:44.759] [DEBUG] cheese - login => username:admin,password:123456
[2020-12-23T16:42:44.759] [DEBUG] cheese - admin
[2020-12-23T16:42:44.762] [DEBUG] cheese - null
[2020-12-23T16:42:44.762] [DEBUG] cheese - null
[2020-12-23T16:43:44.100] [DEBUG] cheese - login => username:admin,password:123456
[2020-12-23T16:43:44.101] [DEBUG] cheese - admin
[2020-12-23T16:43:44.104] [DEBUG] cheese - null
[2020-12-23T16:43:44.104] [DEBUG] cheese - null
[2020-12-23T19:14:05.063] [DEBUG] cheese - login => username:admin,password:123456
[2020-12-23T19:14:05.066] [DEBUG] cheese - admin
[2020-12-23T19:14:05.081] [DEBUG] cheese - null
[2020-12-23T19:14:05.082] [DEBUG] cheese - null
[2020-12-23T21:18:36.716] [DEBUG] cheese - login => username:admin,password:123456
[2020-12-23T21:18:36.717] [DEBUG] cheese - admin
[2020-12-23T21:18:36.727] [DEBUG] cheese - null
[2020-12-23T21:18:36.728] [DEBUG] cheese - null
[2020-12-23T21:20:09.816] [DEBUG] cheese - null
[2020-12-23T21:20:14.857] [DEBUG] cheese - null
[2020-12-23T21:20:16.782] [DEBUG] cheese - null
[2020-12-23T21:21:14.866] [DEBUG] cheese - login => username:admin,password:123456
[2020-12-23T21:21:14.867] [DEBUG] cheese - admin
[2020-12-23T21:21:14.873] [DEBUG] cheese - null
[2020-12-23T21:21:14.873] [DEBUG] cheese - null
[2020-12-24T16:05:13.885] [DEBUG] cheese - login => username:admin,password:123456
[2020-12-24T16:05:13.886] [DEBUG] cheese - admin
[2020-12-24T16:05:13.891] [DEBUG] cheese - null
[2020-12-24T16:05:13.891] [DEBUG] cheese - null
[2020-12-24T16:15:53.217] [DEBUG] cheese - login => username:admin,password:123456
[2020-12-24T16:15:53.219] [DEBUG] cheese - admin
[2020-12-24T16:15:53.222] [DEBUG] cheese - null
[2020-12-24T16:15:53.223] [DEBUG] cheese - null
[2020-12-24T16:16:03.321] [DEBUG] cheese - login => username:zs,password:123456
[2020-12-24T16:16:03.321] [DEBUG] cheese - zs
[2020-12-24T16:16:03.322] [DEBUG] cheese - null
[2020-12-24T16:16:03.322] [DEBUG] cheese - null
[2020-12-24T19:46:33.428] [DEBUG] cheese - login => username:admin,password:123456
[2020-12-24T19:46:33.429] [DEBUG] cheese - admin
[2020-12-24T19:46:33.434] [DEBUG] cheese - null
[2020-12-24T19:46:33.435] [DEBUG] cheese - null
[2020-12-24T22:09:45.642] [DEBUG] cheese - login => username:admin,password:123456
[2020-12-24T22:09:45.644] [DEBUG] cheese - admin
[2020-12-24T22:09:45.648] [DEBUG] cheese - null
[2020-12-24T22:09:45.648] [DEBUG] cheese - null
[2020-12-25T08:09:28.797] [DEBUG] cheese - login => username:admin,password:123456
[2020-12-25T08:09:28.798] [DEBUG] cheese - admin
[2020-12-25T08:09:28.805] [DEBUG] cheese - null
[2020-12-25T08:09:28.806] [DEBUG] cheese - null
[2020-12-25T17:09:01.190] [DEBUG] cheese - login => username:admin,password:123456
[2020-12-25T17:09:01.191] [DEBUG] cheese - admin
[2020-12-25T17:09:01.198] [DEBUG] cheese - null
[2020-12-25T17:09:01.198] [DEBUG] cheese - null
[2020-12-26T17:36:04.635] [DEBUG] cheese - login => username:admin,password:123456
[2020-12-26T17:36:04.637] [DEBUG] cheese - admin
[2020-12-26T17:36:04.641] [DEBUG] cheese - null
[2020-12-26T17:36:04.642] [DEBUG] cheese - null
[2020-12-27T14:13:02.658] [DEBUG] cheese - login => username:admin,password:123456
[2020-12-27T14:13:02.660] [DEBUG] cheese - admin
[2020-12-27T14:13:02.664] [DEBUG] cheese - null
[2020-12-27T14:13:02.664] [DEBUG] cheese - null
[2020-12-27T18:53:36.401] [DEBUG] cheese - login => username:admin,password:123456
[2020-12-27T18:53:36.402] [DEBUG] cheese - admin
[2020-12-27T18:53:36.408] [DEBUG] cheese - null
[2020-12-27T18:53:36.408] [DEBUG] cheese - null
[2020-12-27T20:07:39.034] [DEBUG] cheese - null
[2020-12-27T20:08:41.578] [DEBUG] cheese - null
[2020-12-27T20:11:46.754] [DEBUG] cheese - null
[2020-12-28T09:15:02.994] [DEBUG] cheese - null
[2020-12-28T09:19:43.511] [DEBUG] cheese - null
[2020-12-28T09:22:03.908] [DEBUG] cheese - null
[2020-12-28T09:22:16.150] [DEBUG] cheese - null
[2020-12-28T09:25:30.155] [DEBUG] cheese - null
[2020-12-28T09:28:37.793] [DEBUG] cheese - null
[2020-12-28T09:29:58.676] [DEBUG] cheese - null
[2020-12-28T09:30:27.783] [DEBUG] cheese - null
[2020-12-28T09:30:55.088] [DEBUG] cheese - null
[2020-12-28T09:31:17.794] [DEBUG] cheese - null
[2020-12-28T09:31:28.362] [DEBUG] cheese - null
[2020-12-28T09:31:45.951] [DEBUG] cheese - null
[2020-12-28T09:38:06.960] [DEBUG] cheese - null
[2020-12-28T09:38:41.177] [DEBUG] cheese - null
[2020-12-28T09:41:54.721] [DEBUG] cheese - null
[2020-12-28T09:42:02.347] [DEBUG] cheese - null
[2020-12-28T10:39:42.186] [DEBUG] cheese - null
[2020-12-28T10:41:55.991] [DEBUG] cheese - null
[2020-12-28T10:48:58.021] [DEBUG] cheese - null
[2020-12-28T10:49:09.222] [DEBUG] cheese - null
[2020-12-28T10:49:14.711] [DEBUG] cheese - null
[2020-12-28T10:49:20.129] [DEBUG] cheese - null
[2020-12-28T10:49:22.818] [DEBUG] cheese - null
[2020-12-28T10:50:13.851] [DEBUG] cheese - null
[2020-12-28T10:51:11.107] [DEBUG] cheese - null
[2020-12-28T10:52:02.724] [DEBUG] cheese - null
[2020-12-28T10:52:26.831] [DEBUG] cheese - null
[2020-12-28T10:52:48.017] [DEBUG] cheese - null
[2020-12-28T10:53:18.442] [DEBUG] cheese - null
[2020-12-28T10:53:24.628] [DEBUG] cheese - null
[2020-12-28T18:56:11.340] [DEBUG] cheese - login => username:admin,password:123456
[2020-12-28T18:56:11.342] [DEBUG] cheese - admin
[2020-12-28T18:56:11.358] [DEBUG] cheese - null
[2020-12-28T18:56:11.358] [DEBUG] cheese - null
[2020-12-28T20:14:27.752] [DEBUG] cheese - login => username:admin,password:123456
[2020-12-28T20:14:27.755] [DEBUG] cheese - admin
[2020-12-28T20:14:27.761] [DEBUG] cheese - null
[2020-12-28T20:14:27.762] [DEBUG] cheese - null
[2020-12-29T08:54:22.190] [DEBUG] cheese - login => username:admin,password:123456
[2020-12-29T08:54:22.191] [DEBUG] cheese - admin
[2020-12-29T08:54:22.194] [DEBUG] cheese - null
[2020-12-29T08:54:22.194] [DEBUG] cheese - null
[2020-12-29T11:00:30.260] [DEBUG] cheese - login => username:admin,password:123456
[2020-12-29T11:00:30.261] [DEBUG] cheese - admin
[2020-12-29T11:00:30.265] [DEBUG] cheese - null
[2020-12-29T11:00:30.265] [DEBUG] cheese - null
[2020-12-29T16:51:49.183] [DEBUG] cheese - login => username:admin,password:123456
[2020-12-29T16:51:49.184] [DEBUG] cheese - admin
[2020-12-29T16:51:49.204] [DEBUG] cheese - null
[2020-12-29T16:51:49.205] [DEBUG] cheese - null
[2021-01-04T21:33:18.820] [DEBUG] cheese - login => username:admin,password:123456
[2021-01-04T21:33:18.824] [DEBUG] cheese - admin
[2021-01-04T21:33:18.901] [DEBUG] cheese - null
[2021-01-04T21:33:18.902] [DEBUG] cheese - null
[2021-01-04T21:36:17.596] [DEBUG] cheese - login => username:admin,password:123456
[2021-01-04T21:36:17.596] [DEBUG] cheese - admin
[2021-01-04T21:36:17.600] [DEBUG] cheese - null
[2021-01-04T21:36:17.600] [DEBUG] cheese - null
[2021-01-04T21:39:45.504] [DEBUG] cheese - login => username:admin,password:123456
[2021-01-04T21:39:45.504] [DEBUG] cheese - admin
[2021-01-04T21:39:45.508] [DEBUG] cheese - null
[2021-01-04T21:39:45.509] [DEBUG] cheese - null
[2021-01-04T21:41:04.369] [DEBUG] cheese - login => username:admin,password:123456
[2021-01-04T21:41:04.369] [DEBUG] cheese - admin
[2021-01-04T21:41:04.371] [DEBUG] cheese - null
[2021-01-04T21:41:04.371] [DEBUG] cheese - null
[2021-01-04T21:44:04.725] [DEBUG] cheese - login => username:admin,password:123456
[2021-01-04T21:44:04.725] [DEBUG] cheese - admin
[2021-01-04T21:44:04.730] [DEBUG] cheese - null
[2021-01-04T21:44:04.730] [DEBUG] cheese - null
[2021-01-04T21:54:11.018] [DEBUG] cheese - login => username:xtds,password:123456
[2021-01-04T21:54:11.018] [DEBUG] cheese - xtds
[2021-01-04T21:54:11.025] [DEBUG] cheese - null
[2021-01-04T21:54:11.025] [DEBUG] cheese - null
[2021-01-04T21:55:36.792] [DEBUG] cheese - login => username:rrrrr,password:12345678
[2021-01-04T21:55:36.792] [DEBUG] cheese - rrrrr
[2021-01-04T21:55:36.795] [DEBUG] cheese - null
[2021-01-04T21:55:36.795] [DEBUG] cheese - null
[2021-01-04T22:16:45.967] [DEBUG] cheese - login => username:kkk,password:123456
[2021-01-04T22:16:45.967] [DEBUG] cheese - kkk
[2021-01-04T22:16:45.972] [DEBUG] cheese - null
[2021-01-04T22:16:45.972] [DEBUG] cheese - null
[2021-01-04T22:20:27.526] [DEBUG] cheese - login => username:admin,password:123456
[2021-01-04T22:20:27.526] [DEBUG] cheese - admin
[2021-01-04T22:20:27.531] [DEBUG] cheese - null
[2021-01-04T22:20:27.531] [DEBUG] cheese - null
[2021-01-04T22:32:01.506] [DEBUG] cheese - login => username:sssss,password:123456
[2021-01-04T22:32:01.507] [DEBUG] cheese - sssss
[2021-01-04T22:32:01.510] [DEBUG] cheese - null
[2021-01-04T22:32:01.511] [DEBUG] cheese - null
[2021-01-04T22:32:45.225] [DEBUG] cheese - login => username:rrrrr,password:123456
[2021-01-04T22:32:45.227] [DEBUG] cheese - rrrrr
[2021-01-04T22:32:45.229] [DEBUG] cheese - null
[2021-01-04T22:32:45.229] [DEBUG] cheese - null
[2021-01-04T22:35:48.239] [DEBUG] cheese - login => username:aaaaa,password:123456
[2021-01-04T22:35:48.239] [DEBUG] cheese - aaaaa
[2021-01-04T22:35:48.242] [DEBUG] cheese - null
[2021-01-04T22:35:48.242] [DEBUG] cheese - null
[2021-01-04T22:36:47.195] [DEBUG] cheese - login => username:admin,password:123456
[2021-01-04T22:36:47.195] [DEBUG] cheese - admin
[2021-01-04T22:36:47.197] [DEBUG] cheese - null
[2021-01-04T22:36:47.197] [DEBUG] cheese - null
[2021-01-04T22:36:57.802] [DEBUG] cheese - login => username:admin,password:123456
[2021-01-04T22:36:57.802] [DEBUG] cheese - admin
[2021-01-04T22:36:57.805] [DEBUG] cheese - null
[2021-01-04T22:36:57.806] [DEBUG] cheese - null
[2021-01-04T22:37:11.316] [DEBUG] cheese - login => username:sssss,password:123456
[2021-01-04T22:37:11.316] [DEBUG] cheese - sssss
[2021-01-04T22:37:11.317] [DEBUG] cheese - null
[2021-01-04T22:37:11.317] [DEBUG] cheese - null
[2021-01-04T22:37:18.777] [DEBUG] cheese - login => username:admin,password:123456
[2021-01-04T22:37:18.777] [DEBUG] cheese - admin
[2021-01-04T22:37:18.779] [DEBUG] cheese - null
[2021-01-04T22:37:18.779] [DEBUG] cheese - null
[2021-01-04T22:37:19.761] [DEBUG] cheese - login => username:admin,password:123456
[2021-01-04T22:37:19.761] [DEBUG] cheese - admin
[2021-01-04T22:37:19.763] [DEBUG] cheese - null
[2021-01-04T22:37:19.764] [DEBUG] cheese - null
[2021-01-04T22:37:20.342] [DEBUG] cheese - login => username:admin,password:123456
[2021-01-04T22:37:20.342] [DEBUG] cheese - admin
[2021-01-04T22:37:20.344] [DEBUG] cheese - null
[2021-01-04T22:37:20.344] [DEBUG] cheese - null
[2021-01-04T22:37:20.532] [DEBUG] cheese - login => username:admin,password:123456
[2021-01-04T22:37:20.532] [DEBUG] cheese - admin
[2021-01-04T22:37:20.535] [DEBUG] cheese - null
[2021-01-04T22:37:20.535] [DEBUG] cheese - null
[2021-01-04T22:37:20.698] [DEBUG] cheese - login => username:admin,password:123456
[2021-01-04T22:37:20.698] [DEBUG] cheese - admin
[2021-01-04T22:37:20.700] [DEBUG] cheese - null
[2021-01-04T22:37:20.700] [DEBUG] cheese - null
[2021-01-04T22:37:20.839] [DEBUG] cheese - login => username:admin,password:123456
[2021-01-04T22:37:20.839] [DEBUG] cheese - admin
[2021-01-04T22:37:20.842] [DEBUG] cheese - null
[2021-01-04T22:37:20.842] [DEBUG] cheese - null
[2021-01-04T22:37:21.004] [DEBUG] cheese - login => username:admin,password:123456
[2021-01-04T22:37:21.004] [DEBUG] cheese - admin
[2021-01-04T22:37:21.006] [DEBUG] cheese - null
[2021-01-04T22:37:21.006] [DEBUG] cheese - null
[2021-01-04T22:37:21.185] [DEBUG] cheese - login => username:admin,password:123456
[2021-01-04T22:37:21.185] [DEBUG] cheese - admin
[2021-01-04T22:37:21.187] [DEBUG] cheese - null
[2021-01-04T22:37:21.187] [DEBUG] cheese - null
[2021-01-04T22:37:21.371] [DEBUG] cheese - login => username:admin,password:123456
[2021-01-04T22:37:21.371] [DEBUG] cheese - admin
[2021-01-04T22:37:21.373] [DEBUG] cheese - null
[2021-01-04T22:37:21.373] [DEBUG] cheese - null
[2021-01-04T22:37:21.551] [DEBUG] cheese - login => username:admin,password:123456
[2021-01-04T22:37:21.552] [DEBUG] cheese - admin
[2021-01-04T22:37:21.553] [DEBUG] cheese - null
[2021-01-04T22:37:21.553] [DEBUG] cheese - null
[2021-01-04T22:37:33.620] [DEBUG] cheese - login => username:admin,password:123456
[2021-01-04T22:37:33.620] [DEBUG] cheese - admin
[2021-01-04T22:37:33.621] [DEBUG] cheese - null
[2021-01-04T22:37:33.621] [DEBUG] cheese - null
[2021-01-04T22:39:14.065] [DEBUG] cheese - login => username:admin,password:123456
[2021-01-04T22:39:14.065] [DEBUG] cheese - admin
[2021-01-04T22:39:14.067] [DEBUG] cheese - null
[2021-01-04T22:39:14.067] [DEBUG] cheese - null
[2021-01-04T22:40:12.980] [DEBUG] cheese - login => username:aaaa,password:123456
[2021-01-04T22:40:12.980] [DEBUG] cheese - aaaa
[2021-01-04T22:40:12.982] [DEBUG] cheese - null
[2021-01-04T22:40:12.983] [DEBUG] cheese - null
[2021-01-04T22:40:29.088] [DEBUG] cheese - login => username:admin,password:123456
[2021-01-04T22:40:29.088] [DEBUG] cheese - admin
[2021-01-04T22:40:29.090] [DEBUG] cheese - null
[2021-01-04T22:40:29.090] [DEBUG] cheese - null
[2021-01-04T22:40:41.241] [DEBUG] cheese - login => username:admin,password:123456
[2021-01-04T22:40:41.241] [DEBUG] cheese - admin
[2021-01-04T22:40:41.243] [DEBUG] cheese - null
[2021-01-04T22:40:41.243] [DEBUG] cheese - null
[2021-01-04T22:40:44.877] [DEBUG] cheese - login => username:admin,password:123456
[2021-01-04T22:40:44.877] [DEBUG] cheese - admin
[2021-01-04T22:40:44.878] [DEBUG] cheese - null
[2021-01-04T22:40:44.879] [DEBUG] cheese - null
[2021-01-04T22:40:45.443] [DEBUG] cheese - login => username:admin,password:123456
[2021-01-04T22:40:45.443] [DEBUG] cheese - admin
[2021-01-04T22:40:45.446] [DEBUG] cheese - null
[2021-01-04T22:40:45.446] [DEBUG] cheese - null
[2021-01-04T22:40:45.649] [DEBUG] cheese - login => username:admin,password:123456
[2021-01-04T22:40:45.649] [DEBUG] cheese - admin
[2021-01-04T22:40:45.652] [DEBUG] cheese - null
[2021-01-04T22:40:45.652] [DEBUG] cheese - null
[2021-01-04T22:40:45.835] [DEBUG] cheese - login => username:admin,password:123456
[2021-01-04T22:40:45.835] [DEBUG] cheese - admin
[2021-01-04T22:40:45.837] [DEBUG] cheese - null
[2021-01-04T22:40:45.837] [DEBUG] cheese - null
[2021-01-04T22:40:45.993] [DEBUG] cheese - login => username:admin,password:123456
[2021-01-04T22:40:45.994] [DEBUG] cheese - admin
[2021-01-04T22:40:45.995] [DEBUG] cheese - null
[2021-01-04T22:40:45.995] [DEBUG] cheese - null
[2021-01-04T22:40:46.180] [DEBUG] cheese - login => username:admin,password:123456
[2021-01-04T22:40:46.181] [DEBUG] cheese - admin
[2021-01-04T22:40:46.182] [DEBUG] cheese - null
[2021-01-04T22:40:46.182] [DEBUG] cheese - null
[2021-01-04T22:40:46.346] [DEBUG] cheese - login => username:admin,password:123456
[2021-01-04T22:40:46.346] [DEBUG] cheese - admin
[2021-01-04T22:40:46.348] [DEBUG] cheese - null
[2021-01-04T22:40:46.348] [DEBUG] cheese - null
[2021-01-04T22:40:46.518] [DEBUG] cheese - login => username:admin,password:123456
[2021-01-04T22:40:46.518] [DEBUG] cheese - admin
[2021-01-04T22:40:46.520] [DEBUG] cheese - null
[2021-01-04T22:40:46.520] [DEBUG] cheese - null
[2021-01-04T22:40:46.705] [DEBUG] cheese - login => username:admin,password:123456
[2021-01-04T22:40:46.705] [DEBUG] cheese - admin
[2021-01-04T22:40:46.707] [DEBUG] cheese - null
[2021-01-04T22:40:46.707] [DEBUG] cheese - null
[2021-01-04T22:40:46.871] [DEBUG] cheese - login => username:admin,password:123456
[2021-01-04T22:40:46.871] [DEBUG] cheese - admin
[2021-01-04T22:40:46.873] [DEBUG] cheese - null
[2021-01-04T22:40:46.873] [DEBUG] cheese - null
[2021-01-04T22:40:47.035] [DEBUG] cheese - login => username:admin,password:123456
[2021-01-04T22:40:47.035] [DEBUG] cheese - admin
[2021-01-04T22:40:47.037] [DEBUG] cheese - null
[2021-01-04T22:40:47.037] [DEBUG] cheese - null
[2021-01-04T23:08:12.097] [DEBUG] cheese - login => username:admin,password:123456
[2021-01-04T23:08:12.097] [DEBUG] cheese - admin
[2021-01-04T23:08:12.101] [DEBUG] cheese - null
[2021-01-04T23:08:12.102] [DEBUG] cheese - null
[2021-01-04T23:08:17.600] [DEBUG] cheese - login => username:admin,password:123456
[2021-01-04T23:08:17.600] [DEBUG] cheese - admin
[2021-01-04T23:08:17.602] [DEBUG] cheese - null
[2021-01-04T23:08:17.602] [DEBUG] cheese - null
[2021-01-04T23:08:18.012] [DEBUG] cheese - login => username:admin,password:123456
[2021-01-04T23:08:18.013] [DEBUG] cheese - admin
[2021-01-04T23:08:18.014] [DEBUG] cheese - null
[2021-01-04T23:08:18.014] [DEBUG] cheese - null
[2021-01-04T23:08:18.406] [DEBUG] cheese - login => username:admin,password:123456
[2021-01-04T23:08:18.406] [DEBUG] cheese - admin
[2021-01-04T23:08:18.409] [DEBUG] cheese - null
[2021-01-04T23:08:18.409] [DEBUG] cheese - null
[2021-01-04T23:08:18.732] [DEBUG] cheese - login => username:admin,password:123456
[2021-01-04T23:08:18.732] [DEBUG] cheese - admin
[2021-01-04T23:08:18.734] [DEBUG] cheese - null
[2021-01-04T23:08:18.734] [DEBUG] cheese - null
[2021-01-04T23:08:19.302] [DEBUG] cheese - login => username:admin,password:123456
[2021-01-04T23:08:19.302] [DEBUG] cheese - admin
[2021-01-04T23:08:19.304] [DEBUG] cheese - null
[2021-01-04T23:08:19.304] [DEBUG] cheese - null
[2021-01-04T23:08:19.557] [DEBUG] cheese - login => username:admin,password:123456
[2021-01-04T23:08:19.557] [DEBUG] cheese - admin
[2021-01-04T23:08:19.559] [DEBUG] cheese - null
[2021-01-04T23:08:19.559] [DEBUG] cheese - null
[2021-01-04T23:08:19.799] [DEBUG] cheese - login => username:admin,password:123456
[2021-01-04T23:08:19.799] [DEBUG] cheese - admin
[2021-01-04T23:08:19.801] [DEBUG] cheese - null
[2021-01-04T23:08:19.802] [DEBUG] cheese - null
[2021-01-04T23:08:20.052] [DEBUG] cheese - login => username:admin,password:123456
[2021-01-04T23:08:20.052] [DEBUG] cheese - admin
[2021-01-04T23:08:20.054] [DEBUG] cheese - null
[2021-01-04T23:08:20.054] [DEBUG] cheese - null
[2021-01-04T23:08:20.275] [DEBUG] cheese - login => username:admin,password:123456
[2021-01-04T23:08:20.275] [DEBUG] cheese - admin
[2021-01-04T23:08:20.279] [DEBUG] cheese - null
[2021-01-04T23:08:20.279] [DEBUG] cheese - null
[2021-01-04T23:08:20.466] [DEBUG] cheese - login => username:admin,password:123456
[2021-01-04T23:08:20.466] [DEBUG] cheese - admin
[2021-01-04T23:08:20.468] [DEBUG] cheese - null
[2021-01-04T23:08:20.468] [DEBUG] cheese - null
[2021-01-04T23:08:20.672] [DEBUG] cheese - login => username:admin,password:123456
[2021-01-04T23:08:20.672] [DEBUG] cheese - admin
[2021-01-04T23:08:20.675] [DEBUG] cheese - null
[2021-01-04T23:08:20.675] [DEBUG] cheese - null
[2021-01-04T23:08:20.898] [DEBUG] cheese - login => username:admin,password:123456
[2021-01-04T23:08:20.899] [DEBUG] cheese - admin
[2021-01-04T23:08:20.902] [DEBUG] cheese - null
[2021-01-04T23:08:20.902] [DEBUG] cheese - null
[2021-01-04T23:08:21.095] [DEBUG] cheese - login => username:admin,password:123456
[2021-01-04T23:08:21.096] [DEBUG] cheese - admin
[2021-01-04T23:08:21.097] [DEBUG] cheese - null
[2021-01-04T23:08:21.097] [DEBUG] cheese - null
[2021-01-04T23:08:21.312] [DEBUG] cheese - login => username:admin,password:123456
[2021-01-04T23:08:21.312] [DEBUG] cheese - admin
[2021-01-04T23:08:21.315] [DEBUG] cheese - null
[2021-01-04T23:08:21.315] [DEBUG] cheese - null
[2021-01-04T23:08:21.507] [DEBUG] cheese - login => username:admin,password:123456
[2021-01-04T23:08:21.507] [DEBUG] cheese - admin
[2021-01-04T23:08:21.509] [DEBUG] cheese - null
[2021-01-04T23:08:21.509] [DEBUG] cheese - null
[2021-01-04T23:08:21.716] [DEBUG] cheese - login => username:admin,password:123456
[2021-01-04T23:08:21.717] [DEBUG] cheese - admin
[2021-01-04T23:08:21.720] [DEBUG] cheese - null
[2021-01-04T23:08:21.720] [DEBUG] cheese - null
[2021-01-04T23:08:21.898] [DEBUG] cheese - login => username:admin,password:123456
[2021-01-04T23:08:21.898] [DEBUG] cheese - admin
[2021-01-04T23:08:21.899] [DEBUG] cheese - null
[2021-01-04T23:08:21.899] [DEBUG] cheese - null
[2021-01-04T23:08:22.097] [DEBUG] cheese - login => username:admin,password:123456
[2021-01-04T23:08:22.097] [DEBUG] cheese - admin
[2021-01-04T23:08:22.099] [DEBUG] cheese - null
[2021-01-04T23:08:22.099] [DEBUG] cheese - null
[2021-01-04T23:08:22.250] [DEBUG] cheese - login => username:admin,password:123456
[2021-01-04T23:08:22.250] [DEBUG] cheese - admin
[2021-01-04T23:08:22.252] [DEBUG] cheese - null
[2021-01-04T23:08:22.252] [DEBUG] cheese - null
[2021-01-04T23:08:22.439] [DEBUG] cheese - login => username:admin,password:123456
[2021-01-04T23:08:22.439] [DEBUG] cheese - admin
[2021-01-04T23:08:22.441] [DEBUG] cheese - null
[2021-01-04T23:08:22.441] [DEBUG] cheese - null
[2021-01-04T23:09:07.381] [DEBUG] cheese - login => username:fffff,password:123456
[2021-01-04T23:09:07.381] [DEBUG] cheese - fffff
[2021-01-04T23:09:07.382] [DEBUG] cheese - null
[2021-01-04T23:09:07.382] [DEBUG] cheese - null
[2021-01-04T23:09:07.865] [DEBUG] cheese - login => username:fffff,password:123456
[2021-01-04T23:09:07.865] [DEBUG] cheese - fffff
[2021-01-04T23:09:07.867] [DEBUG] cheese - null
[2021-01-04T23:09:07.867] [DEBUG] cheese - null
[2021-01-04T23:09:08.054] [DEBUG] cheese - login => username:fffff,password:123456
[2021-01-04T23:09:08.054] [DEBUG] cheese - fffff
[2021-01-04T23:09:08.056] [DEBUG] cheese - null
[2021-01-04T23:09:08.056] [DEBUG] cheese - null
[2021-01-04T23:09:08.257] [DEBUG] cheese - login => username:fffff,password:123456
[2021-01-04T23:09:08.257] [DEBUG] cheese - fffff
[2021-01-04T23:09:08.259] [DEBUG] cheese - null
[2021-01-04T23:09:08.259] [DEBUG] cheese - null
[2021-01-04T23:09:08.467] [DEBUG] cheese - login => username:fffff,password:123456
[2021-01-04T23:09:08.467] [DEBUG] cheese - fffff
[2021-01-04T23:09:08.469] [DEBUG] cheese - null
[2021-01-04T23:09:08.469] [DEBUG] cheese - null
[2021-01-04T23:09:08.663] [DEBUG] cheese - login => username:fffff,password:123456
[2021-01-04T23:09:08.663] [DEBUG] cheese - fffff
[2021-01-04T23:09:08.664] [DEBUG] cheese - null
[2021-01-04T23:09:08.664] [DEBUG] cheese - null
[2021-01-04T23:09:08.990] [DEBUG] cheese - login => username:fffff,password:123456
[2021-01-04T23:09:08.991] [DEBUG] cheese - fffff
[2021-01-04T23:09:08.992] [DEBUG] cheese - null
[2021-01-04T23:09:08.992] [DEBUG] cheese - null
[2021-01-04T23:09:35.147] [DEBUG] cheese - login => username:fffff,password:123456
[2021-01-04T23:09:35.147] [DEBUG] cheese - fffff
[2021-01-04T23:09:35.148] [DEBUG] cheese - null
[2021-01-04T23:09:35.148] [DEBUG] cheese - null
[2021-01-04T23:09:57.870] [DEBUG] cheese - login => username:fffff,password:123456
[2021-01-04T23:09:57.870] [DEBUG] cheese - fffff
[2021-01-04T23:09:57.871] [DEBUG] cheese - null
[2021-01-04T23:09:57.872] [DEBUG] cheese - null
[2021-01-04T23:15:46.674] [DEBUG] cheese - login => username:admin,password:123456
[2021-01-04T23:15:46.674] [DEBUG] cheese - admin
[2021-01-04T23:15:46.678] [DEBUG] cheese - null
[2021-01-04T23:15:46.678] [DEBUG] cheese - null
[2021-01-04T23:15:48.044] [DEBUG] cheese - login => username:admin,password:123456
[2021-01-04T23:15:48.044] [DEBUG] cheese - admin
[2021-01-04T23:15:48.046] [DEBUG] cheese - null
[2021-01-04T23:15:48.046] [DEBUG] cheese - null
[2021-01-04T23:15:48.242] [DEBUG] cheese - login => username:admin,password:123456
[2021-01-04T23:15:48.242] [DEBUG] cheese - admin
[2021-01-04T23:15:48.244] [DEBUG] cheese - null
[2021-01-04T23:15:48.244] [DEBUG] cheese - null
[2021-01-04T23:15:48.389] [DEBUG] cheese - login => username:admin,password:123456
[2021-01-04T23:15:48.389] [DEBUG] cheese - admin
[2021-01-04T23:15:48.391] [DEBUG] cheese - null
[2021-01-04T23:15:48.391] [DEBUG] cheese - null
[2021-01-04T23:16:01.631] [DEBUG] cheese - login => username:admin,password:123456
[2021-01-04T23:16:01.631] [DEBUG] cheese - admin
[2021-01-04T23:16:01.633] [DEBUG] cheese - null
[2021-01-04T23:16:01.633] [DEBUG] cheese - null
[2021-01-04T23:16:15.430] [DEBUG] cheese - login => username:fffff,password:123456
[2021-01-04T23:16:15.430] [DEBUG] cheese - fffff
[2021-01-04T23:16:15.432] [DEBUG] cheese - null
[2021-01-04T23:16:15.432] [DEBUG] cheese - null
[2021-01-04T23:16:15.908] [DEBUG] cheese - login => username:fffff,password:123456
[2021-01-04T23:16:15.908] [DEBUG] cheese - fffff
[2021-01-04T23:16:15.910] [DEBUG] cheese - null
[2021-01-04T23:16:15.910] [DEBUG] cheese - null
[2021-01-04T23:16:16.090] [DEBUG] cheese - login => username:fffff,password:123456
[2021-01-04T23:16:16.090] [DEBUG] cheese - fffff
[2021-01-04T23:16:16.092] [DEBUG] cheese - null
[2021-01-04T23:16:16.092] [DEBUG] cheese - null
[2021-01-04T23:16:17.459] [DEBUG] cheese - login => username:fffff,password:123456
[2021-01-04T23:16:17.459] [DEBUG] cheese - fffff
[2021-01-04T23:16:17.461] [DEBUG] cheese - null
[2021-01-04T23:16:17.461] [DEBUG] cheese - null
[2021-01-04T23:16:17.633] [DEBUG] cheese - login => username:fffff,password:123456
[2021-01-04T23:16:17.633] [DEBUG] cheese - fffff
[2021-01-04T23:16:17.635] [DEBUG] cheese - null
[2021-01-04T23:16:17.635] [DEBUG] cheese - null
[2021-01-04T23:16:24.259] [DEBUG] cheese - login => username:gggg,password:123456
[2021-01-04T23:16:24.259] [DEBUG] cheese - gggg
[2021-01-04T23:16:24.260] [DEBUG] cheese - null
[2021-01-04T23:16:24.260] [DEBUG] cheese - null
[2021-01-04T23:16:24.443] [DEBUG] cheese - login => username:gggg,password:123456
[2021-01-04T23:16:24.444] [DEBUG] cheese - gggg
[2021-01-04T23:16:24.445] [DEBUG] cheese - null
[2021-01-04T23:16:24.445] [DEBUG] cheese - null
[2021-01-04T23:16:24.623] [DEBUG] cheese - login => username:gggg,password:123456
[2021-01-04T23:16:24.623] [DEBUG] cheese - gggg
[2021-01-04T23:16:24.624] [DEBUG] cheese - null
[2021-01-04T23:16:24.624] [DEBUG] cheese - null
[2021-01-04T23:16:24.802] [DEBUG] cheese - login => username:gggg,password:123456
[2021-01-04T23:16:24.802] [DEBUG] cheese - gggg
[2021-01-04T23:16:24.804] [DEBUG] cheese - null
[2021-01-04T23:16:24.804] [DEBUG] cheese - null
[2021-01-04T23:16:24.975] [DEBUG] cheese - login => username:gggg,password:123456
[2021-01-04T23:16:24.975] [DEBUG] cheese - gggg
[2021-01-04T23:16:24.976] [DEBUG] cheese - null
[2021-01-04T23:16:24.977] [DEBUG] cheese - null
[2021-01-04T23:16:25.148] [DEBUG] cheese - login => username:gggg,password:123456
[2021-01-04T23:16:25.148] [DEBUG] cheese - gggg
[2021-01-04T23:16:25.149] [DEBUG] cheese - null
[2021-01-04T23:16:25.150] [DEBUG] cheese - null
[2021-01-04T23:16:28.930] [DEBUG] cheese - login => username:admin,password:123456
[2021-01-04T23:16:28.930] [DEBUG] cheese - admin
[2021-01-04T23:16:28.932] [DEBUG] cheese - null
[2021-01-04T23:16:28.932] [DEBUG] cheese - null
[2021-01-05T08:50:52.827] [DEBUG] cheese - login => username:aaaaa,password:123456
[2021-01-05T08:50:52.827] [DEBUG] cheese - aaaaa
[2021-01-05T08:50:52.831] [DEBUG] cheese - null
[2021-01-05T08:50:52.831] [DEBUG] cheese - null
[2021-01-05T08:51:11.145] [DEBUG] cheese - login => username:admin,password:123456
[2021-01-05T08:51:11.145] [DEBUG] cheese - admin
[2021-01-05T08:51:11.147] [DEBUG] cheese - null
[2021-01-05T08:51:11.147] [DEBUG] cheese - null
[2021-01-05T08:56:15.445] [DEBUG] cheese - login => username:admin,password:123456
[2021-01-05T08:56:15.445] [DEBUG] cheese - admin
[2021-01-05T08:56:15.449] [DEBUG] cheese - null
[2021-01-05T08:56:15.449] [DEBUG] cheese - null
[2021-01-05T08:56:17.401] [DEBUG] cheese - login => username:admin,password:123456
[2021-01-05T08:56:17.401] [DEBUG] cheese - admin
[2021-01-05T08:56:17.403] [DEBUG] cheese - null
[2021-01-05T08:56:17.403] [DEBUG] cheese - null
[2021-01-05T08:56:17.589] [DEBUG] cheese - login => username:admin,password:123456
[2021-01-05T08:56:17.590] [DEBUG] cheese - admin
[2021-01-05T08:56:17.591] [DEBUG] cheese - null
[2021-01-05T08:56:17.591] [DEBUG] cheese - null
[2021-01-05T08:56:17.783] [DEBUG] cheese - login => username:admin,password:123456
[2021-01-05T08:56:17.783] [DEBUG] cheese - admin
[2021-01-05T08:56:17.785] [DEBUG] cheese - null
[2021-01-05T08:56:17.785] [DEBUG] cheese - null
[2021-01-05T08:56:17.972] [DEBUG] cheese - login => username:admin,password:123456
[2021-01-05T08:56:17.972] [DEBUG] cheese - admin
[2021-01-05T08:56:17.974] [DEBUG] cheese - null
[2021-01-05T08:56:17.974] [DEBUG] cheese - null
[2021-01-05T08:56:18.142] [DEBUG] cheese - login => username:admin,password:123456
[2021-01-05T08:56:18.142] [DEBUG] cheese - admin
[2021-01-05T08:56:18.144] [DEBUG] cheese - null
[2021-01-05T08:56:18.144] [DEBUG] cheese - null
[2021-01-05T09:15:28.117] [DEBUG] cheese - login => username:admin,password:123456
[2021-01-05T09:15:28.117] [DEBUG] cheese - admin
[2021-01-05T09:15:28.121] [DEBUG] cheese - null
[2021-01-05T09:15:28.122] [DEBUG] cheese - null
[2021-01-05T09:16:40.312] [DEBUG] cheese - login => username:admin,password:123456
[2021-01-05T09:16:40.312] [DEBUG] cheese - admin
[2021-01-05T09:16:40.314] [DEBUG] cheese - null
[2021-01-05T09:16:40.314] [DEBUG] cheese - null
[2021-01-05T09:17:09.810] [DEBUG] cheese - login => username:gggg,password:123456
[2021-01-05T09:17:09.810] [DEBUG] cheese - gggg
[2021-01-05T09:17:09.812] [DEBUG] cheese - null
[2021-01-05T09:17:09.812] [DEBUG] cheese - null
[2021-01-05T09:17:10.446] [DEBUG] cheese - login => username:gggg,password:123456
[2021-01-05T09:17:10.446] [DEBUG] cheese - gggg
[2021-01-05T09:17:10.448] [DEBUG] cheese - null
[2021-01-05T09:17:10.448] [DEBUG] cheese - null
[2021-01-05T09:17:10.641] [DEBUG] cheese - login => username:gggg,password:123456
[2021-01-05T09:17:10.641] [DEBUG] cheese - gggg
[2021-01-05T09:17:10.642] [DEBUG] cheese - null
[2021-01-05T09:17:10.642] [DEBUG] cheese - null
[2021-01-05T09:17:10.829] [DEBUG] cheese - login => username:gggg,password:123456
[2021-01-05T09:17:10.830] [DEBUG] cheese - gggg
[2021-01-05T09:17:10.831] [DEBUG] cheese - null
[2021-01-05T09:17:10.831] [DEBUG] cheese - null
[2021-01-05T09:17:10.993] [DEBUG] cheese - login => username:gggg,password:123456
[2021-01-05T09:17:10.994] [DEBUG] cheese - gggg
[2021-01-05T09:17:10.995] [DEBUG] cheese - null
[2021-01-05T09:17:10.995] [DEBUG] cheese - null
[2021-01-05T09:17:11.188] [DEBUG] cheese - login => username:gggg,password:123456
[2021-01-05T09:17:11.188] [DEBUG] cheese - gggg
[2021-01-05T09:17:11.189] [DEBUG] cheese - null
[2021-01-05T09:17:11.189] [DEBUG] cheese - null
[2021-01-05T09:17:11.383] [DEBUG] cheese - login => username:gggg,password:123456
[2021-01-05T09:17:11.383] [DEBUG] cheese - gggg
[2021-01-05T09:17:11.385] [DEBUG] cheese - null
[2021-01-05T09:17:11.385] [DEBUG] cheese - null
[2021-01-05T09:17:11.555] [DEBUG] cheese - login => username:gggg,password:123456
[2021-01-05T09:17:11.555] [DEBUG] cheese - gggg
[2021-01-05T09:17:11.556] [DEBUG] cheese - null
[2021-01-05T09:17:11.556] [DEBUG] cheese - null
[2021-01-05T09:17:11.849] [DEBUG] cheese - login => username:gggg,password:123456
[2021-01-05T09:17:11.850] [DEBUG] cheese - gggg
[2021-01-05T09:17:11.851] [DEBUG] cheese - null
[2021-01-05T09:17:11.851] [DEBUG] cheese - null
[2021-01-05T09:17:12.044] [DEBUG] cheese - login => username:gggg,password:123456
[2021-01-05T09:17:12.044] [DEBUG] cheese - gggg
[2021-01-05T09:17:12.045] [DEBUG] cheese - null
[2021-01-05T09:17:12.046] [DEBUG] cheese - null
[2021-01-05T09:17:12.222] [DEBUG] cheese - login => username:gggg,password:123456
[2021-01-05T09:17:12.222] [DEBUG] cheese - gggg
[2021-01-05T09:17:12.224] [DEBUG] cheese - null
[2021-01-05T09:17:12.224] [DEBUG] cheese - null
[2021-01-05T09:17:12.418] [DEBUG] cheese - login => username:gggg,password:123456
[2021-01-05T09:17:12.418] [DEBUG] cheese - gggg
[2021-01-05T09:17:12.419] [DEBUG] cheese - null
[2021-01-05T09:17:12.419] [DEBUG] cheese - null
[2021-01-05T09:17:12.606] [DEBUG] cheese - login => username:gggg,password:123456
[2021-01-05T09:17:12.606] [DEBUG] cheese - gggg
[2021-01-05T09:17:12.607] [DEBUG] cheese - null
[2021-01-05T09:17:12.607] [DEBUG] cheese - null
[2021-01-05T09:17:12.779] [DEBUG] cheese - login => username:gggg,password:123456
[2021-01-05T09:17:12.779] [DEBUG] cheese - gggg
[2021-01-05T09:17:12.781] [DEBUG] cheese - null
[2021-01-05T09:17:12.782] [DEBUG] cheese - null
[2021-01-05T09:17:12.966] [DEBUG] cheese - login => username:gggg,password:123456
[2021-01-05T09:17:12.966] [DEBUG] cheese - gggg
[2021-01-05T09:17:12.967] [DEBUG] cheese - null
[2021-01-05T09:17:12.967] [DEBUG] cheese - null
[2021-01-05T09:17:13.168] [DEBUG] cheese - login => username:gggg,password:123456
[2021-01-05T09:17:13.168] [DEBUG] cheese - gggg
[2021-01-05T09:17:13.169] [DEBUG] cheese - null
[2021-01-05T09:17:13.169] [DEBUG] cheese - null
[2021-01-05T09:17:13.385] [DEBUG] cheese - login => username:gggg,password:123456
[2021-01-05T09:17:13.385] [DEBUG] cheese - gggg
[2021-01-05T09:17:13.386] [DEBUG] cheese - null
[2021-01-05T09:17:13.386] [DEBUG] cheese - null
[2021-01-05T09:17:13.582] [DEBUG] cheese - login => username:gggg,password:123456
[2021-01-05T09:17:13.582] [DEBUG] cheese - gggg
[2021-01-05T09:17:13.584] [DEBUG] cheese - null
[2021-01-05T09:17:13.584] [DEBUG] cheese - null
[2021-01-05T09:17:13.785] [DEBUG] cheese - login => username:gggg,password:123456
[2021-01-05T09:17:13.785] [DEBUG] cheese - gggg
[2021-01-05T09:17:13.787] [DEBUG] cheese - null
[2021-01-05T09:17:13.787] [DEBUG] cheese - null
[2021-01-05T09:17:13.957] [DEBUG] cheese - login => username:gggg,password:123456
[2021-01-05T09:17:13.957] [DEBUG] cheese - gggg
[2021-01-05T09:17:13.959] [DEBUG] cheese - null
[2021-01-05T09:17:13.959] [DEBUG] cheese - null
[2021-01-05T09:17:14.150] [DEBUG] cheese - login => username:gggg,password:123456
[2021-01-05T09:17:14.150] [DEBUG] cheese - gggg
[2021-01-05T09:17:14.152] [DEBUG] cheese - null
[2021-01-05T09:17:14.152] [DEBUG] cheese - null
[2021-01-05T09:17:14.331] [DEBUG] cheese - login => username:gggg,password:123456
[2021-01-05T09:17:14.331] [DEBUG] cheese - gggg
[2021-01-05T09:17:14.332] [DEBUG] cheese - null
[2021-01-05T09:17:14.333] [DEBUG] cheese - null
[2021-01-05T09:17:14.511] [DEBUG] cheese - login => username:gggg,password:123456
[2021-01-05T09:17:14.512] [DEBUG] cheese - gggg
[2021-01-05T09:17:14.513] [DEBUG] cheese - null
[2021-01-05T09:17:14.513] [DEBUG] cheese - null
[2021-01-05T09:17:14.676] [DEBUG] cheese - login => username:gggg,password:123456
[2021-01-05T09:17:14.676] [DEBUG] cheese - gggg
[2021-01-05T09:17:14.678] [DEBUG] cheese - null
[2021-01-05T09:17:14.678] [DEBUG] cheese - null
[2021-01-05T09:17:15.340] [DEBUG] cheese - login => username:gggg,password:123456
[2021-01-05T09:17:15.340] [DEBUG] cheese - gggg
[2021-01-05T09:17:15.341] [DEBUG] cheese - null
[2021-01-05T09:17:15.341] [DEBUG] cheese - null
[2021-01-05T09:17:15.808] [DEBUG] cheese - login => username:gggg,password:123456
[2021-01-05T09:17:15.808] [DEBUG] cheese - gggg
[2021-01-05T09:17:15.809] [DEBUG] cheese - null
[2021-01-05T09:17:15.811] [DEBUG] cheese - null
[2021-01-05T09:17:16.281] [DEBUG] cheese - login => username:gggg,password:123456
[2021-01-05T09:17:16.281] [DEBUG] cheese - gggg
[2021-01-05T09:17:16.283] [DEBUG] cheese - null
[2021-01-05T09:17:16.283] [DEBUG] cheese - null
[2021-01-05T09:17:16.490] [DEBUG] cheese - login => username:gggg,password:123456
[2021-01-05T09:17:16.490] [DEBUG] cheese - gggg
[2021-01-05T09:17:16.492] [DEBUG] cheese - null
[2021-01-05T09:17:16.492] [DEBUG] cheese - null
[2021-01-05T09:17:16.701] [DEBUG] cheese - login => username:gggg,password:123456
[2021-01-05T09:17:16.701] [DEBUG] cheese - gggg
[2021-01-05T09:17:16.703] [DEBUG] cheese - null
[2021-01-05T09:17:16.703] [DEBUG] cheese - null
[2021-01-05T09:17:17.564] [DEBUG] cheese - login => username:gggg,password:123456
[2021-01-05T09:17:17.564] [DEBUG] cheese - gggg
[2021-01-05T09:17:17.565] [DEBUG] cheese - null
[2021-01-05T09:17:17.565] [DEBUG] cheese - null
[2021-01-05T09:17:17.938] [DEBUG] cheese - login => username:gggg,password:123456
[2021-01-05T09:17:17.938] [DEBUG] cheese - gggg
[2021-01-05T09:17:17.940] [DEBUG] cheese - null
[2021-01-05T09:17:17.940] [DEBUG] cheese - null
[2021-01-05T09:17:28.236] [DEBUG] cheese - login => username:admin,password:123456
[2021-01-05T09:17:28.236] [DEBUG] cheese - admin
[2021-01-05T09:17:28.237] [DEBUG] cheese - null
[2021-01-05T09:17:28.237] [DEBUG] cheese - null
[2021-01-05T09:33:01.110] [DEBUG] cheese - login => username:admin,password:123456
[2021-01-05T09:33:01.110] [DEBUG] cheese - admin
[2021-01-05T09:33:01.114] [DEBUG] cheese - null
[2021-01-05T09:33:01.114] [DEBUG] cheese - null
[2021-01-05T17:25:10.294] [DEBUG] cheese - login => username:admin,password:123456
[2021-01-05T17:25:10.295] [DEBUG] cheese - admin
[2021-01-05T17:25:10.298] [DEBUG] cheese - null
[2021-01-05T17:25:10.298] [DEBUG] cheese - null
[2021-01-06T13:37:48.707] [DEBUG] cheese - login => username:admin,password:123456
[2021-01-06T13:37:48.708] [DEBUG] cheese - admin
[2021-01-06T13:37:48.722] [DEBUG] cheese - null
[2021-01-06T13:37:48.722] [DEBUG] cheese - null
[2021-01-06T13:50:25.142] [DEBUG] cheese - login => username:admin,password:123456
[2021-01-06T13:50:25.142] [DEBUG] cheese - admin
[2021-01-06T13:50:25.145] [DEBUG] cheese - null
[2021-01-06T13:50:25.145] [DEBUG] cheese - null
[2021-01-06T14:00:05.786] [DEBUG] cheese - login => username:admin,password:123456
[2021-01-06T14:00:05.786] [DEBUG] cheese - admin
[2021-01-06T14:00:05.788] [DEBUG] cheese - null
[2021-01-06T14:00:05.788] [DEBUG] cheese - null
[2021-01-06T14:02:25.633] [DEBUG] cheese - login => username:admin,password:123456
[2021-01-06T14:02:25.633] [DEBUG] cheese - admin
[2021-01-06T14:02:25.635] [DEBUG] cheese - null
[2021-01-06T14:02:25.635] [DEBUG] cheese - null
[2021-01-06T14:02:38.395] [DEBUG] cheese - login => username:admin,password:123456
[2021-01-06T14:02:38.395] [DEBUG] cheese - admin
[2021-01-06T14:02:38.399] [DEBUG] cheese - null
[2021-01-06T14:02:38.399] [DEBUG] cheese - null
[2021-01-06T14:05:55.599] [DEBUG] cheese - login => username:admin,password:123456
[2021-01-06T14:05:55.599] [DEBUG] cheese - admin
[2021-01-06T14:05:55.602] [DEBUG] cheese - null
[2021-01-06T14:05:55.602] [DEBUG] cheese - null
[2021-01-06T14:07:35.786] [DEBUG] cheese - login => username:admin,password:123456
[2021-01-06T14:07:35.786] [DEBUG] cheese - admin
[2021-01-06T14:07:35.788] [DEBUG] cheese - null
[2021-01-06T14:07:35.788] [DEBUG] cheese - null
[2021-01-06T14:08:27.224] [DEBUG] cheese - login => username:admin,password:123456
[2021-01-06T14:08:27.224] [DEBUG] cheese - admin
[2021-01-06T14:08:27.226] [DEBUG] cheese - null
[2021-01-06T14:08:27.226] [DEBUG] cheese - null
[2021-01-06T14:08:49.295] [DEBUG] cheese - login => username:admin,password:123456
[2021-01-06T14:08:49.295] [DEBUG] cheese - admin
[2021-01-06T14:08:49.297] [DEBUG] cheese - null
[2021-01-06T14:08:49.297] [DEBUG] cheese - null
[2021-01-06T18:55:05.278] [DEBUG] cheese - login => username:admin,password:123456
[2021-01-06T18:55:05.278] [DEBUG] cheese - admin
[2021-01-06T18:55:05.284] [DEBUG] cheese - null
[2021-01-06T18:55:05.285] [DEBUG] cheese - null
[2021-01-06T18:55:22.211] [DEBUG] cheese - login => username:admin,password:123456
[2021-01-06T18:55:22.211] [DEBUG] cheese - admin
[2021-01-06T18:55:22.214] [DEBUG] cheese - null
[2021-01-06T18:55:22.214] [DEBUG] cheese - null
[2021-01-06T21:10:27.609] [DEBUG] cheese - login => username:admin,password:123456
[2021-01-06T21:10:27.610] [DEBUG] cheese - admin
[2021-01-06T21:10:27.613] [DEBUG] cheese - null
[2021-01-06T21:10:27.613] [DEBUG] cheese - null
[2021-01-07T09:18:51.174] [DEBUG] cheese - login => username:admin,password:123456
[2021-01-07T09:18:51.176] [DEBUG] cheese - admin
[2021-01-07T09:18:51.179] [DEBUG] cheese - null
[2021-01-07T09:18:51.179] [DEBUG] cheese - null
[2021-01-07T11:52:37.788] [DEBUG] cheese - null
[2021-01-07T11:53:52.819] [DEBUG] cheese - null
[2021-01-07T11:54:04.424] [DEBUG] cheese - null
[2021-01-07T11:54:46.799] [DEBUG] cheese - null
[2021-01-07T11:54:52.950] [DEBUG] cheese - null
[2021-01-07T11:54:58.020] [DEBUG] cheese - null
[2021-01-07T11:55:01.053] [DEBUG] cheese - null
[2021-01-07T11:55:34.755] [DEBUG] cheese - null
[2021-01-07T11:55:38.880] [DEBUG] cheese - null
[2021-01-07T11:55:45.669] [DEBUG] cheese - null
[2021-01-07T11:59:03.019] [DEBUG] cheese - null
[2021-01-07T11:59:06.893] [DEBUG] cheese - null
[2021-01-07T11:59:36.770] [DEBUG] cheese - null
[2021-01-07T12:10:36.160] [DEBUG] cheese - null
[2021-01-07T12:11:33.019] [DEBUG] cheese - null
[2021-01-08T10:11:55.190] [DEBUG] cheese - login => username:admin,password:123456
[2021-01-08T10:11:55.192] [DEBUG] cheese - admin
[2021-01-08T10:11:55.201] [DEBUG] cheese - null
[2021-01-08T10:11:55.202] [DEBUG] cheese - null
[2021-01-08T10:24:37.539] [DEBUG] cheese - login => username:,password:123456
[2021-01-08T10:24:37.539] [DEBUG] cheese - 
[2021-01-08T10:24:37.544] [DEBUG] cheese - null
[2021-01-08T10:24:37.544] [DEBUG] cheese - null
[2021-01-08T10:24:38.841] [DEBUG] cheese - login => username:,password:123456
[2021-01-08T10:24:38.842] [DEBUG] cheese - 
[2021-01-08T10:24:38.843] [DEBUG] cheese - null
[2021-01-08T10:24:38.843] [DEBUG] cheese - null
[2021-01-08T10:24:44.211] [DEBUG] cheese - login => username:,password:123456
[2021-01-08T10:24:44.211] [DEBUG] cheese - 
[2021-01-08T10:24:44.213] [DEBUG] cheese - null
[2021-01-08T10:24:44.213] [DEBUG] cheese - null
[2021-01-08T10:24:44.370] [DEBUG] cheese - login => username:,password:123456
[2021-01-08T10:24:44.370] [DEBUG] cheese - 
[2021-01-08T10:24:44.373] [DEBUG] cheese - null
[2021-01-08T10:24:44.373] [DEBUG] cheese - null
[2021-01-08T10:24:44.528] [DEBUG] cheese - login => username:,password:123456
[2021-01-08T10:24:44.528] [DEBUG] cheese - 
[2021-01-08T10:24:44.529] [DEBUG] cheese - null
[2021-01-08T10:24:44.529] [DEBUG] cheese - null
[2021-01-08T10:24:44.678] [DEBUG] cheese - login => username:,password:123456
[2021-01-08T10:24:44.678] [DEBUG] cheese - 
[2021-01-08T10:24:44.679] [DEBUG] cheese - null
[2021-01-08T10:24:44.679] [DEBUG] cheese - null
[2021-01-08T10:24:52.947] [DEBUG] cheese - login => username:,password:123456
[2021-01-08T10:24:52.947] [DEBUG] cheese - 
[2021-01-08T10:24:52.948] [DEBUG] cheese - null
[2021-01-08T10:24:52.949] [DEBUG] cheese - null
[2021-01-08T10:25:14.783] [DEBUG] cheese - login => username:,password:123456
[2021-01-08T10:25:14.783] [DEBUG] cheese - 
[2021-01-08T10:25:14.785] [DEBUG] cheese - null
[2021-01-08T10:25:14.785] [DEBUG] cheese - null
[2021-01-08T10:25:19.382] [DEBUG] cheese - login => username:,password:123456
[2021-01-08T10:25:19.382] [DEBUG] cheese - 
[2021-01-08T10:25:19.384] [DEBUG] cheese - null
[2021-01-08T10:25:19.384] [DEBUG] cheese - null
[2021-01-08T10:25:19.548] [DEBUG] cheese - login => username:,password:123456
[2021-01-08T10:25:19.548] [DEBUG] cheese - 
[2021-01-08T10:25:19.549] [DEBUG] cheese - null
[2021-01-08T10:25:19.550] [DEBUG] cheese - null
[2021-01-08T10:25:19.689] [DEBUG] cheese - login => username:,password:123456
[2021-01-08T10:25:19.690] [DEBUG] cheese - 
[2021-01-08T10:25:19.692] [DEBUG] cheese - null
[2021-01-08T10:25:19.692] [DEBUG] cheese - null
[2021-01-08T10:25:52.260] [DEBUG] cheese - login => username:,password:123456
[2021-01-08T10:25:52.260] [DEBUG] cheese - 
[2021-01-08T10:25:52.261] [DEBUG] cheese - null
[2021-01-08T10:25:52.261] [DEBUG] cheese - null
[2021-01-08T10:25:52.864] [DEBUG] cheese - login => username:,password:123456
[2021-01-08T10:25:52.864] [DEBUG] cheese - 
[2021-01-08T10:25:52.865] [DEBUG] cheese - null
[2021-01-08T10:25:52.865] [DEBUG] cheese - null
[2021-01-08T10:25:53.013] [DEBUG] cheese - login => username:,password:123456
[2021-01-08T10:25:53.013] [DEBUG] cheese - 
[2021-01-08T10:25:53.015] [DEBUG] cheese - null
[2021-01-08T10:25:53.015] [DEBUG] cheese - null
[2021-01-08T10:25:53.185] [DEBUG] cheese - login => username:,password:123456
[2021-01-08T10:25:53.185] [DEBUG] cheese - 
[2021-01-08T10:25:53.187] [DEBUG] cheese - null
[2021-01-08T10:25:53.187] [DEBUG] cheese - null
[2021-01-08T10:25:53.344] [DEBUG] cheese - login => username:,password:123456
[2021-01-08T10:25:53.344] [DEBUG] cheese - 
[2021-01-08T10:25:53.346] [DEBUG] cheese - null
[2021-01-08T10:25:53.346] [DEBUG] cheese - null
[2021-01-08T10:25:58.550] [DEBUG] cheese - login => username:admin,password:123456
[2021-01-08T10:25:58.550] [DEBUG] cheese - admin
[2021-01-08T10:25:58.551] [DEBUG] cheese - null
[2021-01-08T10:25:58.551] [DEBUG] cheese - null
[2021-01-08T10:32:01.080] [DEBUG] cheese - login => username:admin,password:123456
[2021-01-08T10:32:01.080] [DEBUG] cheese - admin
[2021-01-08T10:32:01.082] [DEBUG] cheese - null
[2021-01-08T10:32:01.083] [DEBUG] cheese - null
[2021-01-08T16:48:40.825] [DEBUG] cheese - null
[2021-01-08T16:49:38.301] [DEBUG] cheese - null
[2021-01-08T16:51:03.119] [DEBUG] cheese - null
[2021-01-08T16:51:50.556] [DEBUG] cheese - null
[2021-01-08T17:03:07.573] [DEBUG] cheese - null
[2021-01-08T17:03:18.786] [DEBUG] cheese - null
[2021-01-08T17:03:26.096] [DEBUG] cheese - null
[2021-01-08T17:03:31.299] [DEBUG] cheese - null
[2021-01-08T17:03:50.382] [DEBUG] cheese - null
[2021-01-08T17:03:54.884] [DEBUG] cheese - null
[2021-01-08T17:03:59.867] [DEBUG] cheese - null
[2021-01-08T17:04:04.931] [DEBUG] cheese - null
[2021-01-08T17:04:09.101] [DEBUG] cheese - null
[2021-01-08T17:04:18.113] [DEBUG] cheese - null
[2021-01-08T17:04:22.771] [DEBUG] cheese - null
[2021-01-08T21:37:46.747] [DEBUG] cheese - null
[2021-01-09T10:49:27.177] [DEBUG] cheese - login => username:admin,password:123456
[2021-01-09T10:49:27.179] [DEBUG] cheese - admin
[2021-01-09T10:49:27.187] [DEBUG] cheese - null
[2021-01-09T10:49:27.187] [DEBUG] cheese - null
[2021-01-09T18:44:29.788] [DEBUG] cheese - login => username:admin,password:123456
[2021-01-09T18:44:29.790] [DEBUG] cheese - admin
[2021-01-09T18:44:29.793] [DEBUG] cheese - null
[2021-01-09T18:44:29.794] [DEBUG] cheese - null
